c:\users\susan\documents\classes\umkc classes\compsci 303 data structures\prog1\prog1\prog1\debug\vc120.pdb
c:\users\susan\documents\classes\umkc classes\compsci 303 data structures\prog1\prog1\prog1\debug\vc120.idb
c:\users\susan\documents\classes\umkc classes\compsci 303 data structures\prog1\prog1\prog1\debug\assignment.obj
c:\users\susan\documents\classes\umkc classes\compsci 303 data structures\prog1\prog1\prog1\debug\main.obj
c:\users\susan\documents\classes\umkc classes\compsci 303 data structures\prog1\prog1\prog1\debug\cs303_project_one.pdb
c:\users\susan\documents\classes\umkc classes\compsci 303 data structures\prog1\prog1\prog1\debug\cs303_pr.6bc5e6dc.tlog\cl.command.1.tlog
c:\users\susan\documents\classes\umkc classes\compsci 303 data structures\prog1\prog1\prog1\debug\cs303_pr.6bc5e6dc.tlog\cl.read.1.tlog
c:\users\susan\documents\classes\umkc classes\compsci 303 data structures\prog1\prog1\prog1\debug\cs303_pr.6bc5e6dc.tlog\cl.write.1.tlog
c:\users\susan\documents\classes\umkc classes\compsci 303 data structures\prog1\prog1\prog1\debug\cs303_pr.6bc5e6dc.tlog\link-cvtres.read.1.tlog
c:\users\susan\documents\classes\umkc classes\compsci 303 data structures\prog1\prog1\prog1\debug\cs303_pr.6bc5e6dc.tlog\link-cvtres.write.1.tlog
c:\users\susan\documents\classes\umkc classes\compsci 303 data structures\prog1\prog1\prog1\debug\cs303_pr.6bc5e6dc.tlog\link-rc.read.1.tlog
c:\users\susan\documents\classes\umkc classes\compsci 303 data structures\prog1\prog1\prog1\debug\cs303_pr.6bc5e6dc.tlog\link-rc.write.1.tlog
c:\users\susan\documents\classes\umkc classes\compsci 303 data structures\prog1\prog1\prog1\debug\cs303_pr.6bc5e6dc.tlog\link.49404-cvtres.read.1.tlog
c:\users\susan\documents\classes\umkc classes\compsci 303 data structures\prog1\prog1\prog1\debug\cs303_pr.6bc5e6dc.tlog\link.49404-cvtres.write.1.tlog
c:\users\susan\documents\classes\umkc classes\compsci 303 data structures\prog1\prog1\prog1\debug\cs303_pr.6bc5e6dc.tlog\link.49404-rc.read.1.tlog
c:\users\susan\documents\classes\umkc classes\compsci 303 data structures\prog1\prog1\prog1\debug\cs303_pr.6bc5e6dc.tlog\link.49404-rc.write.1.tlog
c:\users\susan\documents\classes\umkc classes\compsci 303 data structures\prog1\prog1\prog1\debug\cs303_pr.6bc5e6dc.tlog\link.49404.read.1.tlog
c:\users\susan\documents\classes\umkc classes\compsci 303 data structures\prog1\prog1\prog1\debug\cs303_pr.6bc5e6dc.tlog\link.49404.write.1.tlog
c:\users\susan\documents\classes\umkc classes\compsci 303 data structures\prog1\prog1\prog1\debug\cs303_pr.6bc5e6dc.tlog\link.command.1.tlog
c:\users\susan\documents\classes\umkc classes\compsci 303 data structures\prog1\prog1\prog1\debug\cs303_pr.6bc5e6dc.tlog\link.read.1.tlog
c:\users\susan\documents\classes\umkc classes\compsci 303 data structures\prog1\prog1\prog1\debug\cs303_pr.6bc5e6dc.tlog\link.write.1.tlog
