Build started 10/4/2015 1:24:00 AM.
     1>Project "C:\Users\David\Documents\GitHub\susanbranch\CompSci303Team-withExtraClasses\CS303_Project_One.vcxproj" on node 2 (Build target(s)).
     1>ClCompile:
         C:\Program Files (x86)\Microsoft Visual Studio 12.0\VC\bin\CL.exe /c /ZI /nologo /W3 /WX- /Od /Oy- /D WIN32 /D _DEBUG /D _CONSOLE /D _LIB /D _UNICODE /D UNICODE /Gm /EHsc /RTC1 /MDd /GS /fp:precise /Zc:wchar_t /Zc:forScope /Fo"Debug\\" /Fd"Debug\vc120.pdb" /Gd /TP /analyze- /errorReport:prompt Assignment.cpp AssignmentList.cpp main.cpp
         Assignment.cpp
         Generating Code...
     1>c:\users\david\documents\github\susanbranch\compsci303team-withextraclasses\date.h(52): warning C4715: 'Date::toString' : not all control paths return a value
         Compiling...
         main.cpp
         AssignmentList.cpp
     1>c:\users\david\documents\github\susanbranch\compsci303team-withextraclasses\list_iterator.h(73): warning C4172: returning address of local variable or temporary
                 c:\users\david\documents\github\susanbranch\compsci303team-withextraclasses\list_iterator.h(67) : while compiling class template member function 'list<Assignment>::iterator &list<Assignment>::iterator::operator ++(int)'
                 c:\users\david\documents\github\susanbranch\compsci303team-withextraclasses\assignmentlist.cpp(131) : see reference to function template instantiation 'list<Assignment>::iterator &list<Assignment>::iterator::operator ++(int)' being compiled
                 c:\users\david\documents\github\susanbranch\compsci303team-withextraclasses\assignmentlist.cpp(43) : see reference to class template instantiation 'list<Assignment>::iterator' being compiled
         Generating Code...
     1>c:\users\david\documents\github\susanbranch\compsci303team-withextraclasses\date.h(52): warning C4715: 'Date::toString' : not all control paths return a value
       Link:
         C:\Program Files (x86)\Microsoft Visual Studio 12.0\VC\bin\link.exe /ERRORREPORT:PROMPT /OUT:"C:\Users\David\Documents\GitHub\susanbranch\CompSci303Team-withExtraClasses\Debug\CS303_Project_One.exe" /INCREMENTAL /NOLOGO kernel32.lib user32.lib gdi32.lib winspool.lib comdlg32.lib advapi32.lib shell32.lib ole32.lib oleaut32.lib uuid.lib odbc32.lib odbccp32.lib /MANIFEST /MANIFESTUAC:"level='asInvoker' uiAccess='false'" /manifest:embed /DEBUG /PDB:"C:\Users\David\Documents\GitHub\susanbranch\CompSci303Team-withExtraClasses\Debug\CS303_Project_One.pdb" /SUBSYSTEM:CONSOLE /TLBID:1 /DYNAMICBASE /NXCOMPAT /IMPLIB:"C:\Users\David\Documents\GitHub\susanbranch\CompSci303Team-withExtraClasses\Debug\CS303_Project_One.lib" /MACHINE:X86 Debug\Assignment.obj
         Debug\AssignmentList.obj
         Debug\main.obj
         CS303_Project_One.vcxproj -> C:\Users\David\Documents\GitHub\susanbranch\CompSci303Team-withExtraClasses\Debug\CS303_Project_One.exe
     1>Done Building Project "C:\Users\David\Documents\GitHub\susanbranch\CompSci303Team-withExtraClasses\CS303_Project_One.vcxproj" (Build target(s)).

Build succeeded.

Time Elapsed 00:00:03.62
